\BOOKMARK [1][-]{section.1}{\376\377\000I\000n\000t\000r\000o\000d\000u\000c\000t\000i\000o\000n}{}% 1
\BOOKMARK [1][-]{section.2}{\376\377\000P\000r\000e\000r\000e\000q\000u\000i\000s\000i\000t\000e\000s\000\040\000a\000n\000d\000\040\000S\000e\000t\000u\000p}{}% 2
\BOOKMARK [2][-]{subsection.2.1}{\376\377\000S\000o\000f\000t\000w\000a\000r\000e}{section.2}% 3
\BOOKMARK [2][-]{subsection.2.2}{\376\377\000E\000n\000v\000i\000r\000o\000n\000m\000e\000n\000t\000\040\000C\000h\000e\000c\000k}{section.2}% 4
\BOOKMARK [2][-]{subsection.2.3}{\376\377\000C\000r\000e\000a\000t\000e\000\040\000a\000\040\000W\000o\000r\000k\000i\000n\000g\000\040\000D\000i\000r\000e\000c\000t\000o\000r\000y}{section.2}% 5
\BOOKMARK [1][-]{section.3}{\376\377\000L\000a\000u\000n\000c\000h\000i\000n\000g\000\040\000M\000a\000g\000i\000c}{}% 6
\BOOKMARK [1][-]{section.4}{\376\377\000T\000h\000e\000\040\000M\000a\000g\000i\000c\000\040\000I\000n\000t\000e\000r\000f\000a\000c\000e}{}% 7
\BOOKMARK [2][-]{subsection.4.1}{\376\377\000M\000o\000u\000s\000e\000\040\000B\000u\000t\000t\000o\000n\000s}{section.4}% 8
\BOOKMARK [2][-]{subsection.4.2}{\376\377\000E\000n\000t\000e\000r\000i\000n\000g\000\040\000C\000o\000m\000m\000a\000n\000d\000s}{section.4}% 9
\BOOKMARK [2][-]{subsection.4.3}{\376\377\000T\000h\000e\000\040\000B\000o\000x\000\040\000T\000o\000o\000l}{section.4}% 10
\BOOKMARK [1][-]{section.5}{\376\377\000E\000s\000s\000e\000n\000t\000i\000a\000l\000\040\000C\000o\000m\000m\000a\000n\000d\000\040\000R\000e\000f\000e\000r\000e\000n\000c\000e}{}% 11
\BOOKMARK [2][-]{subsection.5.1}{\376\377\000F\000i\000l\000e\000\040\000a\000n\000d\000\040\000V\000i\000e\000w\000\040\000C\000o\000m\000m\000a\000n\000d\000s}{section.5}% 12
\BOOKMARK [2][-]{subsection.5.2}{\376\377\000P\000a\000i\000n\000t\000i\000n\000g\000\040\000a\000n\000d\000\040\000E\000r\000a\000s\000i\000n\000g}{section.5}% 13
\BOOKMARK [2][-]{subsection.5.3}{\376\377\000S\000e\000l\000e\000c\000t\000i\000o\000n\000\040\000a\000n\000d\000\040\000E\000d\000i\000t\000i\000n\000g}{section.5}% 14
\BOOKMARK [1][-]{section.6}{\376\377\000g\000f\0001\0008\0000\000m\000c\000u\000D\000\040\000L\000a\000y\000e\000r\000\040\000R\000e\000f\000e\000r\000e\000n\000c\000e}{}% 15
\BOOKMARK [2][-]{subsection.6.1}{\376\377\000M\000e\000t\000a\000l\000\040\000S\000t\000a\000c\000k\000\040\000S\000u\000m\000m\000a\000r\000y}{section.6}% 16
\BOOKMARK [1][-]{section.7}{\376\377\000L\000a\000b\000e\000l\000i\000n\000g\000\040\000a\000n\000d\000\040\000P\000o\000r\000t\000s}{}% 17
\BOOKMARK [1][-]{section.8}{\376\377\000S\000t\000e\000p\000-\000b\000y\000-\000S\000t\000e\000p\000:\000\040\000C\000M\000O\000S\000\040\000I\000n\000v\000e\000r\000t\000e\000r\000\040\000L\000a\000y\000o\000u\000t\000\040\000i\000n\000\040\000g\000f\0001\0008\0000\000m\000c\000u\000D}{}% 18
\BOOKMARK [2][-]{subsection.8.1}{\376\377\000T\000r\000a\000n\000s\000i\000s\000t\000o\000r\000\040\000S\000i\000z\000i\000n\000g}{section.8}% 19
\BOOKMARK [2][-]{subsection.8.2}{\376\377\000S\000t\000e\000p\000\040\0001\000\040\040\024\000\040\000L\000a\000u\000n\000c\000h\000\040\000M\000a\000g\000i\000c\000\040\000a\000n\000d\000\040\000C\000r\000e\000a\000t\000e\000\040\000a\000\040\000N\000e\000w\000\040\000C\000e\000l\000l}{section.8}% 20
\BOOKMARK [2][-]{subsection.8.3}{\376\377\000S\000t\000e\000p\000\040\0002\000\040\040\024\000\040\000D\000r\000a\000w\000\040\000t\000h\000e\000\040\000n\000M\000O\000S\000\040\000D\000i\000f\000f\000u\000s\000i\000o\000n}{section.8}% 21
\BOOKMARK [2][-]{subsection.8.4}{\376\377\000S\000t\000e\000p\000\040\0003\000\040\040\024\000\040\000D\000r\000a\000w\000\040\000t\000h\000e\000\040\000p\000M\000O\000S\000\040\000D\000i\000f\000f\000u\000s\000i\000o\000n}{section.8}% 22
\BOOKMARK [2][-]{subsection.8.5}{\376\377\000S\000t\000e\000p\000\040\0004\000\040\040\024\000\040\000D\000r\000a\000w\000\040\000t\000h\000e\000\040\000P\000o\000l\000y\000s\000i\000l\000i\000c\000o\000n\000\040\000G\000a\000t\000e}{section.8}% 23
\BOOKMARK [2][-]{subsection.8.6}{\376\377\000S\000t\000e\000p\000\040\0005\000\040\040\024\000\040\000A\000d\000d\000\040\000D\000i\000f\000f\000u\000s\000i\000o\000n\000\040\000C\000o\000n\000t\000a\000c\000t\000s}{section.8}% 24
\BOOKMARK [2][-]{subsection.8.7}{\376\377\000S\000t\000e\000p\000\040\0006\000\040\040\024\000\040\000A\000d\000d\000\040\000a\000\040\000P\000o\000l\000y\000\040\000C\000o\000n\000t\000a\000c\000t}{section.8}% 25
\BOOKMARK [2][-]{subsection.8.8}{\376\377\000S\000t\000e\000p\000\040\0007\000\040\040\024\000\040\000A\000d\000d\000\040\000S\000u\000b\000s\000t\000r\000a\000t\000e\000\040\000a\000n\000d\000\040\000W\000e\000l\000l\000\040\000T\000a\000p\000s}{section.8}% 26
\BOOKMARK [2][-]{subsection.8.9}{\376\377\000S\000t\000e\000p\000\040\0008\000\040\040\024\000\040\000R\000o\000u\000t\000e\000\040\000w\000i\000t\000h\000\040\000M\000e\000t\000a\000l\0001}{section.8}% 27
\BOOKMARK [2][-]{subsection.8.10}{\376\377\000S\000t\000e\000p\000\040\0009\000\040\040\024\000\040\000A\000d\000d\000\040\000L\000a\000b\000e\000l\000s}{section.8}% 28
\BOOKMARK [2][-]{subsection.8.11}{\376\377\000S\000t\000e\000p\000\040\0001\0000\000\040\040\024\000\040\000D\000r\000a\000w\000\040\000t\000h\000e\000\040\000N\000-\000W\000e\000l\000l}{section.8}% 29
\BOOKMARK [2][-]{subsection.8.12}{\376\377\000S\000t\000e\000p\000\040\0001\0001\000\040\040\024\000\040\000R\000u\000n\000\040\000D\000R\000C}{section.8}% 30
\BOOKMARK [2][-]{subsection.8.13}{\376\377\000S\000t\000e\000p\000\040\0001\0002\000\040\040\024\000\040\000S\000a\000v\000e}{section.8}% 31
\BOOKMARK [1][-]{section.9}{\376\377\000D\000e\000s\000i\000g\000n\000\040\000R\000u\000l\000e\000\040\000C\000h\000e\000c\000k\000i\000n\000g\000\040\000\050\000D\000R\000C\000\051}{}% 32
\BOOKMARK [1][-]{section.10}{\376\377\000E\000x\000t\000r\000a\000c\000t\000i\000o\000n\000\040\000a\000n\000d\000\040\000N\000e\000t\000l\000i\000s\000t\000\040\000G\000e\000n\000e\000r\000a\000t\000i\000o\000n}{}% 33
\BOOKMARK [1][-]{section.11}{\376\377\000L\000a\000y\000o\000u\000t\000\040\000v\000s\000.\000\040\000S\000c\000h\000e\000m\000a\000t\000i\000c\000\040\000\050\000L\000V\000S\000\051}{}% 34
\BOOKMARK [1][-]{section.12}{\376\377\000P\000l\000o\000t\000t\000i\000n\000g\000\040\000a\000n\000d\000\040\000P\000r\000i\000n\000t\000i\000n\000g\000\040\000Y\000o\000u\000r\000\040\000L\000a\000y\000o\000u\000t}{}% 35
\BOOKMARK [1][-]{section.13}{\376\377\000S\000w\000i\000t\000c\000h\000-\000L\000e\000v\000e\000l\000\040\000S\000i\000m\000u\000l\000a\000t\000i\000o\000n\000\040\000w\000i\000t\000h\000\040\000I\000R\000S\000I\000M}{}% 36
\BOOKMARK [2][-]{subsection.13.1}{\376\377\000E\000x\000t\000r\000a\000c\000t\000i\000o\000n\000\040\000f\000o\000r\000\040\000I\000R\000S\000I\000M}{section.13}% 37
\BOOKMARK [2][-]{subsection.13.2}{\376\377\000R\000u\000n\000n\000i\000n\000g\000\040\000I\000R\000S\000I\000M}{section.13}% 38
\BOOKMARK [2][-]{subsection.13.3}{\376\377\000I\000R\000S\000I\000M\000\040\000C\000o\000m\000m\000a\000n\000d\000\040\000F\000i\000l\000e\000s}{section.13}% 39
\BOOKMARK [1][-]{section.14}{\376\377\000T\000h\000e\000\040\000C\000o\000m\000p\000l\000e\000t\000e\000\040\000D\000e\000s\000i\000g\000n\000\040\000F\000l\000o\000w}{}% 40
\BOOKMARK [1][-]{section.15}{\376\377\000T\000i\000p\000s\000\040\000a\000n\000d\000\040\000C\000o\000m\000m\000o\000n\000\040\000P\000i\000t\000f\000a\000l\000l\000s}{}% 41
\BOOKMARK [1][-]{section.16}{\376\377\000Q\000u\000i\000c\000k\000-\000R\000e\000f\000e\000r\000e\000n\000c\000e\000\040\000C\000h\000e\000a\000t\000\040\000S\000h\000e\000e\000t}{}% 42
\BOOKMARK [1][-]{lstnumber.-32.1}{\376\377\000A\000d\000d\000i\000t\000i\000o\000n\000a\000l\000\040\000R\000e\000s\000o\000u\000r\000c\000e\000s}{}% 43
