This is pdfTeX, Version 3.141592653-2.6-1.40.25 (TeX Live 2023/Debian) (preloaded format=pdflatex 2025.9.29)  30 APR 2026 10:00
entering extended mode
 restricted \write18 enabled.
 %&-line parsing enabled.
**ocd-install.tex
(./ocd-install.tex
LaTeX2e <2023-11-01> patch level 1
L3 programming layer <2024-01-22>
(/usr/share/texlive/texmf-dist/tex/latex/base/article.cls
Document Class: article 2023/05/17 v1.4n Standard LaTeX document class
(/usr/share/texlive/texmf-dist/tex/latex/base/size11.clo
File: size11.clo 2023/05/17 v1.4n Standard LaTeX file (size option)
)
\c@part=\count187
\c@section=\count188
\c@subsection=\count189
\c@subsubsection=\count190
\c@paragraph=\count191
\c@subparagraph=\count192
\c@figure=\count193
\c@table=\count194
\abovecaptionskip=\skip48
\belowcaptionskip=\skip49
\bibindent=\dimen140
)
(/usr/share/texlive/texmf-dist/tex/latex/geometry/geometry.sty
Package: geometry 2020/01/02 v5.9 Page Geometry

(/usr/share/texlive/texmf-dist/tex/latex/graphics/keyval.sty
Package: keyval 2022/05/29 v1.15 key=value parser (DPC)
\KV@toks@=\toks17
)
(/usr/share/texlive/texmf-dist/tex/generic/iftex/ifvtex.sty
Package: ifvtex 2019/10/25 v1.7 ifvtex legacy package. Use iftex instead.

(/usr/share/texlive/texmf-dist/tex/generic/iftex/iftex.sty
Package: iftex 2022/02/03 v1.0f TeX engine tests
))
\Gm@cnth=\count195
\Gm@cntv=\count196
\c@Gm@tempcnt=\count197
\Gm@bindingoffset=\dimen141
\Gm@wd@mp=\dimen142
\Gm@odd@mp=\dimen143
\Gm@even@mp=\dimen144
\Gm@layoutwidth=\dimen145
\Gm@layoutheight=\dimen146
\Gm@layouthoffset=\dimen147
\Gm@layoutvoffset=\dimen148
\Gm@dimlist=\toks18
)
(/usr/share/texlive/texmf-dist/tex/latex/xcolor/xcolor.sty
Package: xcolor 2023/11/15 v3.01 LaTeX color extensions (UK)

(/usr/share/texlive/texmf-dist/tex/latex/graphics-cfg/color.cfg
File: color.cfg 2016/01/02 v1.6 sample color configuration
)
Package xcolor Info: Driver file: pdftex.def on input line 274.

(/usr/share/texlive/texmf-dist/tex/latex/graphics-def/pdftex.def
File: pdftex.def 2022/09/22 v1.2b Graphics/color driver for pdftex
)
(/usr/share/texlive/texmf-dist/tex/latex/graphics/mathcolor.ltx)
Package xcolor Info: Model `cmy' substituted by `cmy0' on input line 1350.
Package xcolor Info: Model `hsb' substituted by `rgb' on input line 1354.
Package xcolor Info: Model `RGB' extended on input line 1366.
Package xcolor Info: Model `HTML' substituted by `rgb' on input line 1368.
Package xcolor Info: Model `Hsb' substituted by `hsb' on input line 1369.
Package xcolor Info: Model `tHsb' substituted by `hsb' on input line 1370.
Package xcolor Info: Model `HSB' substituted by `hsb' on input line 1371.
Package xcolor Info: Model `Gray' substituted by `gray' on input line 1372.
Package xcolor Info: Model `wave' substituted by `hsb' on input line 1373.
)
(/usr/share/texlive/texmf-dist/tex/latex/listings/listings.sty
\lst@mode=\count198
\lst@gtempboxa=\box51
\lst@token=\toks19
\lst@length=\count199
\lst@currlwidth=\dimen149
\lst@column=\count266
\lst@pos=\count267
\lst@lostspace=\dimen150
\lst@width=\dimen151
\lst@newlines=\count268
\lst@lineno=\count269
\lst@maxwidth=\dimen152

(/usr/share/texlive/texmf-dist/tex/latex/listings/lstmisc.sty
File: lstmisc.sty 2023/02/27 1.9 (Carsten Heinz)
\c@lstnumber=\count270
\lst@skipnumbers=\count271
\lst@framebox=\box52
)
(/usr/share/texlive/texmf-dist/tex/latex/listings/listings.cfg
File: listings.cfg 2023/02/27 1.9 listings configuration
))
Package: listings 2023/02/27 1.9 (Carsten Heinz)

(/usr/share/texlive/texmf-dist/tex/latex/hyperref/hyperref.sty
Package: hyperref 2024-01-20 v7.01h Hypertext links for LaTeX

(/usr/share/texlive/texmf-dist/tex/latex/kvsetkeys/kvsetkeys.sty
Package: kvsetkeys 2022-10-05 v1.19 Key value parser (HO)
)
(/usr/share/texlive/texmf-dist/tex/generic/kvdefinekeys/kvdefinekeys.sty
Package: kvdefinekeys 2019-12-19 v1.6 Define keys (HO)
)
(/usr/share/texlive/texmf-dist/tex/generic/pdfescape/pdfescape.sty
Package: pdfescape 2019/12/09 v1.15 Implements pdfTeX's escape features (HO)

(/usr/share/texlive/texmf-dist/tex/generic/ltxcmds/ltxcmds.sty
Package: ltxcmds 2023-12-04 v1.26 LaTeX kernel commands for general use (HO)
)
(/usr/share/texlive/texmf-dist/tex/generic/pdftexcmds/pdftexcmds.sty
Package: pdftexcmds 2020-06-27 v0.33 Utility functions of pdfTeX for LuaTeX (HO
)

(/usr/share/texlive/texmf-dist/tex/generic/infwarerr/infwarerr.sty
Package: infwarerr 2019/12/03 v1.5 Providing info/warning/error messages (HO)
)
Package pdftexcmds Info: \pdf@primitive is available.
Package pdftexcmds Info: \pdf@ifprimitive is available.
Package pdftexcmds Info: \pdfdraftmode found.
))
(/usr/share/texlive/texmf-dist/tex/latex/hycolor/hycolor.sty
Package: hycolor 2020-01-27 v1.10 Color options for hyperref/bookmark (HO)
)
(/usr/share/texlive/texmf-dist/tex/latex/auxhook/auxhook.sty
Package: auxhook 2019-12-17 v1.6 Hooks for auxiliary files (HO)
)
(/usr/share/texlive/texmf-dist/tex/latex/hyperref/nameref.sty
Package: nameref 2023-11-26 v2.56 Cross-referencing by name of section

(/usr/share/texlive/texmf-dist/tex/latex/refcount/refcount.sty
Package: refcount 2019/12/15 v3.6 Data extraction from label references (HO)
)
(/usr/share/texlive/texmf-dist/tex/generic/gettitlestring/gettitlestring.sty
Package: gettitlestring 2019/12/15 v1.6 Cleanup title references (HO)

(/usr/share/texlive/texmf-dist/tex/latex/kvoptions/kvoptions.sty
Package: kvoptions 2022-06-15 v3.15 Key value format for package options (HO)
))
\c@section@level=\count272
)
(/usr/share/texlive/texmf-dist/tex/latex/etoolbox/etoolbox.sty
Package: etoolbox 2020/10/05 v2.5k e-TeX tools for LaTeX (JAW)
\etb@tempcnta=\count273
)
\@linkdim=\dimen153
\Hy@linkcounter=\count274
\Hy@pagecounter=\count275

(/usr/share/texlive/texmf-dist/tex/latex/hyperref/pd1enc.def
File: pd1enc.def 2024-01-20 v7.01h Hyperref: PDFDocEncoding definition (HO)
Now handling font encoding PD1 ...
... no UTF-8 mapping file for font encoding PD1
)
(/usr/share/texlive/texmf-dist/tex/generic/intcalc/intcalc.sty
Package: intcalc 2019/12/15 v1.3 Expandable calculations with integers (HO)
)
\Hy@SavedSpaceFactor=\count276

(/usr/share/texlive/texmf-dist/tex/latex/hyperref/puenc.def
File: puenc.def 2024-01-20 v7.01h Hyperref: PDF Unicode definition (HO)
Now handling font encoding PU ...
... no UTF-8 mapping file for font encoding PU
)
Package hyperref Info: Hyper figures OFF on input line 4179.
Package hyperref Info: Link nesting OFF on input line 4184.
Package hyperref Info: Hyper index ON on input line 4187.
Package hyperref Info: Plain pages OFF on input line 4194.
Package hyperref Info: Backreferencing OFF on input line 4199.
Package hyperref Info: Implicit mode ON; LaTeX internals redefined.
Package hyperref Info: Bookmarks ON on input line 4446.
\c@Hy@tempcnt=\count277

(/usr/share/texlive/texmf-dist/tex/latex/url/url.sty
\Urlmuskip=\muskip16
Package: url 2013/09/16  ver 3.4  Verb mode for urls, etc.
)
LaTeX Info: Redefining \url on input line 4784.
\XeTeXLinkMargin=\dimen154

(/usr/share/texlive/texmf-dist/tex/generic/bitset/bitset.sty
Package: bitset 2019/12/09 v1.3 Handle bit-vector datatype (HO)

(/usr/share/texlive/texmf-dist/tex/generic/bigintcalc/bigintcalc.sty
Package: bigintcalc 2019/12/15 v1.5 Expandable calculations on big integers (HO
)
))
\Fld@menulength=\count278
\Field@Width=\dimen155
\Fld@charsize=\dimen156
Package hyperref Info: Hyper figures OFF on input line 6063.
Package hyperref Info: Link nesting OFF on input line 6068.
Package hyperref Info: Hyper index ON on input line 6071.
Package hyperref Info: backreferencing OFF on input line 6078.
Package hyperref Info: Link coloring OFF on input line 6083.
Package hyperref Info: Link coloring with OCG OFF on input line 6088.
Package hyperref Info: PDF/A mode OFF on input line 6093.

(/usr/share/texlive/texmf-dist/tex/latex/base/atbegshi-ltx.sty
Package: atbegshi-ltx 2021/01/10 v1.0c Emulation of the original atbegshi
package with kernel methods
)
\Hy@abspage=\count279
\c@Item=\count280
\c@Hfootnote=\count281
)
Package hyperref Info: Driver (autodetected): hpdftex.

(/usr/share/texlive/texmf-dist/tex/latex/hyperref/hpdftex.def
File: hpdftex.def 2024-01-20 v7.01h Hyperref driver for pdfTeX

(/usr/share/texlive/texmf-dist/tex/latex/base/atveryend-ltx.sty
Package: atveryend-ltx 2020/08/19 v1.0a Emulation of the original atveryend pac
kage
with kernel methods
)
\Fld@listcount=\count282
\c@bookmark@seq@number=\count283

(/usr/share/texlive/texmf-dist/tex/latex/rerunfilecheck/rerunfilecheck.sty
Package: rerunfilecheck 2022-07-10 v1.10 Rerun checks for auxiliary files (HO)

(/usr/share/texlive/texmf-dist/tex/generic/uniquecounter/uniquecounter.sty
Package: uniquecounter 2019/12/15 v1.4 Provide unlimited unique counter (HO)
)
Package uniquecounter Info: New unique counter `rerunfilecheck' on input line 2
85.
)
\Hy@SectionHShift=\skip50
)
(/usr/share/texlive/texmf-dist/tex/latex/booktabs/booktabs.sty
Package: booktabs 2020/01/12 v1.61803398 Publication quality tables
\heavyrulewidth=\dimen157
\lightrulewidth=\dimen158
\cmidrulewidth=\dimen159
\belowrulesep=\dimen160
\belowbottomsep=\dimen161
\aboverulesep=\dimen162
\abovetopsep=\dimen163
\cmidrulesep=\dimen164
\cmidrulekern=\dimen165
\defaultaddspace=\dimen166
\@cmidla=\count284
\@cmidlb=\count285
\@aboverulesep=\dimen167
\@belowrulesep=\dimen168
\@thisruleclass=\count286
\@lastruleclass=\count287
\@thisrulewidth=\dimen169
)
(/usr/share/texlive/texmf-dist/tex/latex/enumitem/enumitem.sty
Package: enumitem 2019/06/20 v3.9 Customized lists
\labelindent=\skip51
\enit@outerparindent=\dimen170
\enit@toks=\toks20
\enit@inbox=\box53
\enit@count@id=\count288
\enitdp@description=\count289
)
(/usr/share/texlive/texmf-dist/tex/latex/parskip/parskip.sty
Package: parskip 2021-03-14 v2.0h non-zero parskip adjustments
)
(/usr/share/texlive/texmf-dist/tex/latex/titlesec/titlesec.sty
Package: titlesec 2023/10/27 v2.16 Sectioning titles
\ttl@box=\box54
\beforetitleunit=\skip52
\aftertitleunit=\skip53
\ttl@plus=\dimen171
\ttl@minus=\dimen172
\ttl@toksa=\toks21
\titlewidth=\dimen173
\titlewidthlast=\dimen174
\titlewidthfirst=\dimen175
)
Package hyperref Info: Option `colorlinks' set `true' on input line 17.

(/usr/share/texlive/texmf-dist/tex/latex/l3backend/l3backend-pdftex.def
File: l3backend-pdftex.def 2024-01-04 L3 backend support: PDF output (pdfTeX)
\l__color_backend_stack_int=\count290
\l__pdf_internal_box=\box55
)
(./ocd-install.aux)
\openout1 = `ocd-install.aux'.

LaTeX Font Info:    Checking defaults for OML/cmm/m/it on input line 55.
LaTeX Font Info:    ... okay on input line 55.
LaTeX Font Info:    Checking defaults for OMS/cmsy/m/n on input line 55.
LaTeX Font Info:    ... okay on input line 55.
LaTeX Font Info:    Checking defaults for OT1/cmr/m/n on input line 55.
LaTeX Font Info:    ... okay on input line 55.
LaTeX Font Info:    Checking defaults for T1/cmr/m/n on input line 55.
LaTeX Font Info:    ... okay on input line 55.
LaTeX Font Info:    Checking defaults for TS1/cmr/m/n on input line 55.
LaTeX Font Info:    ... okay on input line 55.
LaTeX Font Info:    Checking defaults for OMX/cmex/m/n on input line 55.
LaTeX Font Info:    ... okay on input line 55.
LaTeX Font Info:    Checking defaults for U/cmr/m/n on input line 55.
LaTeX Font Info:    ... okay on input line 55.
LaTeX Font Info:    Checking defaults for PD1/pdf/m/n on input line 55.
LaTeX Font Info:    ... okay on input line 55.
LaTeX Font Info:    Checking defaults for PU/pdf/m/n on input line 55.
LaTeX Font Info:    ... okay on input line 55.

*geometry* driver: auto-detecting
*geometry* detected driver: pdftex
*geometry* verbose mode - [ preamble ] result:
* driver: pdftex
* paper: <default>
* layout: <same size as paper>
* layoutoffset:(h,v)=(0.0pt,0.0pt)
* modes: 
* h-part:(L,W,R)=(72.26999pt, 469.75502pt, 72.26999pt)
* v-part:(T,H,B)=(72.26999pt, 650.43001pt, 72.26999pt)
* \paperwidth=614.295pt
* \paperheight=794.96999pt
* \textwidth=469.75502pt
* \textheight=650.43001pt
* \oddsidemargin=0.0pt
* \evensidemargin=0.0pt
* \topmargin=-37.0pt
* \headheight=12.0pt
* \headsep=25.0pt
* \topskip=11.0pt
* \footskip=30.0pt
* \marginparwidth=59.0pt
* \marginparsep=10.0pt
* \columnsep=10.0pt
* \skip\footins=10.0pt plus 4.0pt minus 2.0pt
* \hoffset=0.0pt
* \voffset=0.0pt
* \mag=1000
* \@twocolumnfalse
* \@twosidefalse
* \@mparswitchfalse
* \@reversemarginfalse
* (1in=72.27pt=25.4mm, 1cm=28.453pt)

(/usr/share/texlive/texmf-dist/tex/context/base/mkii/supp-pdf.mkii
[Loading MPS to PDF converter (version 2006.09.02).]
\scratchcounter=\count291
\scratchdimen=\dimen176
\scratchbox=\box56
\nofMPsegments=\count292
\nofMParguments=\count293
\everyMPshowfont=\toks22
\MPscratchCnt=\count294
\MPscratchDim=\dimen177
\MPnumerator=\count295
\makeMPintoPDFobject=\count296
\everyMPtoPDFconversion=\toks23
)
\c@lstlisting=\count297
Package hyperref Info: Link coloring ON on input line 55.
 (./ocd-install.out) (./ocd-install.out)
\@outlinefile=\write3
\openout3 = `ocd-install.out'.

LaTeX Font Info:    External font `cmex10' loaded for size
(Font)              <12> on input line 57.
LaTeX Font Info:    External font `cmex10' loaded for size
(Font)              <8> on input line 57.
LaTeX Font Info:    External font `cmex10' loaded for size
(Font)              <6> on input line 57.
LaTeX Font Info:    Trying to load font information for TS1+cmtt on input line 
65.

(/usr/share/texlive/texmf-dist/tex/latex/base/ts1cmtt.fd
File: ts1cmtt.fd 2023/04/13 v2.5m Standard LaTeX font definitions
)
LaTeX Font Info:    Font shape `OT1/cmtt/bx/n' in size <9> not available
(Font)              Font shape `OT1/cmtt/m/n' tried instead on input line 74.
LaTeX Font Info:    External font `cmex10' loaded for size
(Font)              <10.95> on input line 83.

Overfull \hbox (3.76591pt too wide) in paragraph at lines 88--92
[]\OT1/cmr/bx/n/10.95 ngspice \OT1/cmr/m/n/10.95 --- analog/mixed-signal SPICE 
sim-u-la-tor ([][]$\OT1/cmtt/m/n/10.95 https : / / ngspice . sourceforge . io$[
][]\OT1/cmr/m/n/10.95 ). \OT1/cmr/m/it/10.95 Note:
 []


Overfull \hbox (1.53622pt too wide) in paragraph at lines 95--98
[]\OT1/cmr/bx/n/10.95 open[]pdks \OT1/cmr/m/n/10.95 --- in-staller/wrap-per for
 open-source PDKs such as \OT1/cmtt/m/n/10.95 sky130A \OT1/cmr/m/n/10.95 and \O
T1/cmtt/m/n/10.95 gf180mcu \OT1/cmr/m/n/10.95 ([][]$\OT1/cmtt/m/n/10.95 https :

 []

[1

{/var/lib/texmf/fonts/map/pdftex/updmap/pdftex.map}]
Overfull \hbox (4.53194pt too wide) in paragraph at lines 134--137
\OT1/cmr/m/n/10.95 The last three lines be-yond the orig-i-nal toolchain bring 
in xschem-specific de-pen-den-cies (\OT1/cmtt/m/n/10.95 libxrender\OT1/cmr/m/n/
10.95 ,
 []


Overfull \hbox (19.21259pt too wide) in paragraph at lines 159--162
\OT1/cmr/m/n/10.95 Pick the in-stall root once and use it through-out. The de-f
ault in \OT1/cmtt/m/n/10.95 setup.sh \OT1/cmr/m/n/10.95 is \TS1/cmtt/m/n/10.95 
$\OT1/cmtt/m/n/10.95 HOME/opencircuitdesign\OT1/cmr/m/n/10.95 ;
 []

LaTeX Font Info:    Font shape `OT1/cmtt/bx/n' in size <12> not available
(Font)              Font shape `OT1/cmtt/m/n' tried instead on input line 171.

Overfull \hbox (67.85289pt too wide) in paragraph at lines 173--179
\OT1/cmr/m/n/10.95 ables, the repos-i-tory ships a \OT1/cmtt/m/n/10.95 setup.sh
 \OT1/cmr/m/n/10.95 script that han-dles all of it. Af-ter con-firm-ing the \OT
1/cmtt/m/n/10.95 OPEN[]CIRCUITDESIGN[]ROOT
 []

[2]
Overfull \hbox (57.89632pt too wide) in paragraph at lines 200--202
[]\OT1/cmr/m/n/10.95 Exports per-tool vari-ables: \OT1/cmtt/m/n/10.95 MAGIC[]HO
ME\OT1/cmr/m/n/10.95 , \OT1/cmtt/m/n/10.95 NETGEN[]HOME\OT1/cmr/m/n/10.95 , \OT
1/cmtt/m/n/10.95 NGSPICE[]SHARE[]DIR\OT1/cmr/m/n/10.95 , \OT1/cmtt/m/n/10.95 XS
CHEM[]SYSTEM[]LIBRARY[]PATH\OT1/cmr/m/n/10.95 . 
 []

[3] [4]
Overfull \hbox (52.66176pt too wide) in paragraph at lines 344--348
[]\OT1/cmr/bx/n/10.95 Debian / Ubuntu: \OT1/cmtt/m/n/10.95 libxaw7-dev\OT1/cmr/
m/n/10.95 , \OT1/cmtt/m/n/10.95 libxrender-dev\OT1/cmr/m/n/10.95 , \OT1/cmtt/m/
n/10.95 libxcb-render0-dev\OT1/cmr/m/n/10.95 , \OT1/cmtt/m/n/10.95 libxcb-rende
r-util0-dev\OT1/cmr/m/n/10.95 ,
 []


Overfull \hbox (44.52815pt too wide) in paragraph at lines 369--374
[]\OT1/cmr/m/n/10.95 If you need translu-cent rect-an-gle / fill ren-der-ing, e
n-sure the XCB ren-der pack-ages (\OT1/cmtt/m/n/10.95 libxcb-render0-dev\OT1/cm
r/m/n/10.95 ,
 []

[5] [6]
Overfull \hbox (12.9533pt too wide) in paragraph at lines 460--467
\OT1/cmr/m/n/10.95 track heights (\OT1/cmtt/m/n/10.95 --enable-osu-t12-sky130\O
T1/cmr/m/n/10.95 , \OT1/cmtt/m/n/10.95 --enable-osu-t15-sky130\OT1/cmr/m/n/10.9
5 , \OT1/cmtt/m/n/10.95 --enable-osu-t18-sky130\OT1/cmr/m/n/10.95 ). 
 []


Overfull \hbox (61.2516pt too wide) in paragraph at lines 483--488
\OT1/cmr/m/n/10.95 OCD I/O li-brary (\OT1/cmtt/m/n/10.95 --enable-ocd-io-gf180m
cu\OT1/cmr/m/n/10.95 ), and the OCD SRAM macros (\OT1/cmtt/m/n/10.95 --enable-o
cd-sram-gf180mcu\OT1/cmr/m/n/10.95 ). 
 []


Overfull \hbox (223.26643pt too wide) in paragraph at lines 505--512
\OT1/cmr/m/n/10.95 The PDKs land un-der \TS1/cmtt/m/n/10.95 $\OT1/cmtt/m/n/10.9
5 PDK[]ROOT\OT1/cmr/m/n/10.95 , e.g. \TS1/cmtt/m/n/10.95 $\OT1/cmtt/m/n/10.95 O
PEN[]CIRCUITDESIGN[]ROOT/share/pdk/sky130A \OT1/cmr/m/n/10.95 and \TS1/cmtt/m/n
/10.95 $\OT1/cmtt/m/n/10.95 OPEN[]CIRCUITDESIGN[]ROOT/share/pdk/gf180mcuD\OT1/c
mr/m/n/10.95 .
 []


Overfull \hbox (14.47755pt too wide) in paragraph at lines 505--512
\OT1/cmr/m/n/10.95 Once \OT1/cmtt/m/n/10.95 sky130A \OT1/cmr/m/n/10.95 ex-ists,
 sourc-ing \OT1/cmtt/m/n/10.95 setup.sh \OT1/cmr/m/n/10.95 again will pick it u
p and ex-port \OT1/cmtt/m/n/10.95 PDK\OT1/cmr/m/n/10.95 , \OT1/cmtt/m/n/10.95 S
KY130A\OT1/cmr/m/n/10.95 , \OT1/cmtt/m/n/10.95 MAGIC[]MAGICRC\OT1/cmr/m/n/10.95
 ,
 []

[7]
Overfull \hbox (24.52507pt too wide) in paragraph at lines 546--549
\OT1/cmr/m/n/10.95 Pick any di-rec-tory you like for tu-to-rial work --- it doe
s \OT1/cmr/m/it/10.95 not \OT1/cmr/m/n/10.95 need to live un-der \TS1/cmtt/m/n/
10.95 $\OT1/cmtt/m/n/10.95 OPEN[]CIRCUITDESIGN[]ROOT\OT1/cmr/m/n/10.95 .
 []

[8]
Overfull \hbox (60.68411pt too wide) in paragraph at lines 582--589
\OT1/cmr/m/n/10.95 have in-stalled) and that \OT1/cmtt/m/n/10.95 magic\OT1/cmr/
m/n/10.95 , \OT1/cmtt/m/n/10.95 netgen\OT1/cmr/m/n/10.95 , \OT1/cmtt/m/n/10.95 
ngspice\OT1/cmr/m/n/10.95 , and \OT1/cmtt/m/n/10.95 xschem \OT1/cmr/m/n/10.95 a
ll re-solve un-der \TS1/cmtt/m/n/10.95 $\OT1/cmtt/m/n/10.95 OPEN[]CIRCUITDESIGN
[]ROOT/bin\OT1/cmr/m/n/10.95 .
 []

[9]

Package enumitem Warning: Negative labelwidth. This does not make much
(enumitem)                sense, on input line 649.

LaTeX Font Info:    Font shape `OT1/cmtt/bx/n' in size <10.95> not available
(Font)              Font shape `OT1/cmtt/m/n' tried instead on input line 650.

LaTeX Font Warning: Font shape `TS1/cmtt/bx/n' undefined
(Font)              using `TS1/cmtt/m/n' instead
(Font)              for symbol `textdollar' on input line 650.


Overfull \hbox (98.93887pt too wide) in paragraph at lines 651--655
\OT1/cmtt/m/n/10.95 setup.sh \OT1/cmr/m/n/10.95 aborts when its tar-get pre-fix
 is miss-ing. Ei-ther cre-ate the di-rec-tory (\OT1/cmtt/m/n/10.95 mkdir -p "\T
S1/cmtt/m/n/10.95 $\OT1/cmtt/m/n/10.95 OPEN[]CIRCUITDESIGN[]ROOT"\OT1/cmr/m/n/1
0.95 )
 []


Overfull \hbox (4.44247pt too wide) in paragraph at lines 668--674
\OT1/cmr/m/n/10.95 Ensure \TS1/cmtt/m/n/10.95 $\OT1/cmtt/m/n/10.95 OPEN[]CIRCUI
TDESIGN[]ROOT/bin \OT1/cmr/m/n/10.95 is on \OT1/cmtt/m/n/10.95 PATH \OT1/cmr/m/
n/10.95 be-fore run-ning \OT1/cmtt/m/n/10.95 ./configure \OT1/cmr/m/n/10.95 (so
urc-ing \OT1/cmtt/m/n/10.95 setup.sh
 []


Overfull \hbox (135.3778pt too wide) in paragraph at lines 668--674
\OT1/cmr/m/n/10.95 does this). If auto-detection still fails, pass ab-so-lute p
aths ex-plic-itly via \OT1/cmtt/m/n/10.95 --with-magic=\TS1/cmtt/m/n/10.95 $\OT
1/cmtt/m/n/10.95 OPEN[]CIRCUITDESIGN[]ROOT/bin/magic\OT1/cmr/m/n/10.95 ,
 []


Overfull \hbox (127.32962pt too wide) in paragraph at lines 668--674
\OT1/cmtt/m/n/10.95 --with-netgen=\TS1/cmtt/m/n/10.95 $\OT1/cmtt/m/n/10.95 OPEN
[]CIRCUITDESIGN[]ROOT/bin/netgen\OT1/cmr/m/n/10.95 , and \OT1/cmtt/m/n/10.95 --
with-ngspice=\TS1/cmtt/m/n/10.95 $\OT1/cmtt/m/n/10.95 OPEN[]CIRCUITDESIGN[]ROOT
/bin/ngspice\OT1/cmr/m/n/10.95 . 
 []


Overfull \hbox (64.2797pt too wide) in paragraph at lines 676--683
\TS1/cmtt/m/n/10.95 $\OT1/cmtt/m/n/10.95 OPEN[]CIRCUITDESIGN[]ROOT\OT1/cmr/m/n/
10.95 . Re-run \OT1/cmtt/m/n/10.95 ./configure \OT1/cmr/m/n/10.95 for \OT1/cmtt
/m/n/10.95 open[]pdks \OT1/cmr/m/n/10.95 with \OT1/cmtt/m/n/10.95 --prefix="\TS
1/cmtt/m/n/10.95 $\OT1/cmtt/m/n/10.95 OPEN[]CIRCUITDESIGN[]ROOT"\OT1/cmr/m/n/10
.95 ,
 []


Overfull \hbox (34.8312pt too wide) in paragraph at lines 676--683
\OT1/cmr/m/n/10.95 or over-ride the PDK lo-ca-tion ex-plic-itly with \OT1/cmtt/
m/n/10.95 --with-pdk[]root="\TS1/cmtt/m/n/10.95 $\OT1/cmtt/m/n/10.95 OPEN[]CIRC
UITDESIGN[]ROOT/share/pdk"\OT1/cmr/m/n/10.95 . 
 []


Overfull \hbox (61.26701pt too wide) in paragraph at lines 685--689
\OT1/cmr/m/n/10.95 Source \OT1/cmtt/m/n/10.95 setup.sh \OT1/cmr/m/n/10.95 (it s
ets \OT1/cmtt/m/n/10.95 LD[]LIBRARY[]PATH\OT1/cmr/m/n/10.95 ). For a system-wid
e al-ter-na-tive, add \TS1/cmtt/m/n/10.95 $\OT1/cmtt/m/n/10.95 OPEN[]CIRCUITDES
IGN[]ROOT/lib
 []

[10]
Overfull \hbox (29.87456pt too wide) in paragraph at lines 707--708
[]\OT1/cmr/m/n/10.95 gf180mcu open-source VLSI tu-to-rial: [][]$\OT1/cmtt/m/n/1
0.95 https : / / github . com / stineje / gf180mcu-[]open-[]source-[]vlsi$[][] 

 []

[11] [12] [13] (./ocd-install.aux)
 ***********
LaTeX2e <2023-11-01> patch level 1
L3 programming layer <2024-01-22>
 ***********


LaTeX Font Warning: Some font shapes were not available, defaults substituted.

Package rerunfilecheck Info: File `ocd-install.out' has not changed.
(rerunfilecheck)             Checksum: D340A4AAA726C77C6F3ED2791E9128AA;6806.
 ) 
Here is how much of TeX's memory you used:
 11874 strings out of 476182
 178496 string characters out of 5795595
 2205975 words of memory out of 5000000
 33482 multiletter control sequences out of 15000+600000
 565493 words of font info for 62 fonts, out of 8000000 for 9000
 14 hyphenation exceptions out of 8191
 75i,6n,79p,1200b,1962s stack positions out of 10000i,1000n,20000p,200000b,200000s
 </home/jstine/.texlive2023/texmf-var/fonts/pk/ljfour/jknappen/ec/tcrm1095.60
0pk> </home/jstine/.texlive2023/texmf-var/fonts/pk/ljfour/jknappen/ec/tctt1095.
600pk> </home/jstine/.texlive2023/texmf-var/fonts/pk/ljfour/jknappen/ec/tctt090
0.600pk></usr/share/texlive/texmf-dist/fonts/type1/public/amsfonts/cm/cmbx10.pf
b></usr/share/texlive/texmf-dist/fonts/type1/public/amsfonts/cm/cmbx12.pfb></us
r/share/texlive/texmf-dist/fonts/type1/public/amsfonts/cm/cmitt10.pfb></usr/sha
re/texlive/texmf-dist/fonts/type1/public/amsfonts/cm/cmr10.pfb></usr/share/texl
ive/texmf-dist/fonts/type1/public/amsfonts/cm/cmr12.pfb></usr/share/texlive/tex
mf-dist/fonts/type1/public/amsfonts/cm/cmr17.pfb></usr/share/texlive/texmf-dist
/fonts/type1/public/amsfonts/cm/cmsy10.pfb></usr/share/texlive/texmf-dist/fonts
/type1/public/amsfonts/cm/cmti10.pfb></usr/share/texlive/texmf-dist/fonts/type1
/public/amsfonts/cm/cmtt10.pfb></usr/share/texlive/texmf-dist/fonts/type1/publi
c/amsfonts/cm/cmtt12.pfb></usr/share/texlive/texmf-dist/fonts/type1/public/amsf
onts/cm/cmtt9.pfb>
Output written on ocd-install.pdf (13 pages, 226523 bytes).
PDF statistics:
 612 PDF objects out of 1000 (max. 8388607)
 566 compressed objects within 6 object streams
 293 named destinations out of 1000 (max. 500000)
 297 words of extra memory for PDF output out of 10000 (max. 10000000)

