
Magic 8.3 revision 638 - Compiled on Wed Apr 29 11:24:55 AM CDT 2026.
Starting magic under Tcl interpreter
Using the terminal as the console.
Using NULL graphics device.
Processing system .magicrc file
Switching to WIRING tool.
Switching to NETLIST tool.
Switching to PICK tool.
Switching to BOX tool.
Sourcing design .magicrc for technology gf180mcu
Input style import: scaleFactor=10, multiplier=2
The following types are not handled by extraction and will be treated as non-electrical types:
    obsactive mvobsactive filldiff fillpoly m1hole obsm1 fillm1 obsv1 m2hole obsm2 fillm2 obsv2 m3hole obsm3 fillm3 m4hole obsm4 fillm4 m5hole obsm5 fillm5 glass fillblock lvstext obscomment 
{}
Switching to WIRING tool.
Switching to NETLIST tool.
Switching to PICK tool.
Switching to BOX tool.
Loading "gf180mcu_osu_sc_gp12t3v3__inv_1" from command line.
Cell gf180mcu_osu_sc_gp12t3v3__inv_1 read from current working directory
Using technology "gf180mcuD", version 1.0.582-0-gd815bb3
Extracting gf180mcu_osu_sc_gp12t3v3__inv_1 into gf180mcu_osu_sc_gp12t3v3__inv_1.ext:
The cap accuracy flag 'y' is deprecated.
exttospice finished.
